<?xml version="1.0" encoding="UTF-8"?>
<testsuite name="PasswordGeneratorTest" tests="1" skipped="0" failures="1" errors="0" timestamp="2021-11-13T08:59:31" hostname="ZAKI" time="0.289">
  <properties/>
  <testcase name="generateRandomPasswordWithAllFilters" classname="PasswordGeneratorTest" time="0.289">
    <failure message="value of: length()&#10;expected: 8&#10;but was : 7" type="com.google.common.truth.ComparisonFailureWithFacts">value of: length()
expected: 8
but was : 7
	at PasswordGeneratorTest$generateRandomPasswordWithAllFilters$1.onPasswordGenerated(PasswordGeneratorTest.kt:20)
	at utils.GeneratorHelper.generateRandomPassword(GeneratorHelper.kt:36)
	at PasswordGenerator.generate(PasswordGenerator.kt:62)
	at PasswordGeneratorTest.generateRandomPasswordWithAllFilters(PasswordGeneratorTest.kt:24)
</failure>
  </testcase>
  <system-out><![CDATA[PASSWORD TYPE -> RANDOM
GENERATING RANDOM PASSWORD
FILTER CHOSEN : -> [0, 1, 2, 3]
COUNT : -> 0
COUNT : -> 1
COUNT : -> 2
COUNT : -> 3
COUNT : -> 4
COUNT : -> 5
COUNT : -> 6
COUNT : -> 7
GENERATED PASSWORD -> J1SAGhF
STRENGTH CHECK -> J1SAGhF : This password will take com.nulabinc.zxcvbn.AttackTimes$CrackTimesDisplay@6a67eb88 to crack!
STRENGTH RATING : 2/10
VERBAL_FEEDBACK : com.nulabinc.zxcvbn.Feedback@6cf7b77f
TIME TAKEN : 105400600
SEQUENCE : [com.nulabinc.zxcvbn.matchers.Match@31cf1aa9]
GUESSED NEEDED : 1.0000001E7
CRACK IN SECONDS : com.nulabinc.zxcvbn.AttackTimes$CrackTimeSeconds@60333cc4
]]></system-out>
  <system-err><![CDATA[]]></system-err>
</testsuite>
